c:\users\jared\onedrive\documents\github\gade7312poe\gade_main\gade7312\x64\debug\vc142.pdb
c:\users\jared\onedrive\documents\github\gade7312poe\gade_main\gade7312\x64\debug\vc142.idb
c:\users\jared\onedrive\documents\github\gade7312poe\gade_main\gade7312\x64\debug\vbo.obj
c:\users\jared\onedrive\documents\github\gade7312poe\gade_main\gade7312\x64\debug\vao.obj
c:\users\jared\onedrive\documents\github\gade7312poe\gade_main\gade7312\x64\debug\texture.obj
c:\users\jared\onedrive\documents\github\gade7312poe\gade_main\gade7312\x64\debug\stb.obj
c:\users\jared\onedrive\documents\github\gade7312poe\gade_main\gade7312\x64\debug\shaderclass.obj
c:\users\jared\onedrive\documents\github\gade7312poe\gade_main\gade7312\x64\debug\model.obj
c:\users\jared\onedrive\documents\github\gade7312poe\gade_main\gade7312\x64\debug\mesh.obj
c:\users\jared\onedrive\documents\github\gade7312poe\gade_main\gade7312\x64\debug\main.obj
c:\users\jared\onedrive\documents\github\gade7312poe\gade_main\gade7312\x64\debug\ebo.obj
c:\users\jared\onedrive\documents\github\gade7312poe\gade_main\gade7312\x64\debug\camera.obj
c:\users\jared\onedrive\documents\github\gade7312poe\gade_main\gade7312\x64\debug\glad.obj
c:\users\jared\onedrive\documents\github\gade7312poe\gade_main\gade7312\x64\debug\gade7312.exe
c:\users\jared\onedrive\documents\github\gade7312poe\gade_main\gade7312\x64\debug\gade7312.ilk
c:\users\jared\onedrive\documents\github\gade7312poe\gade_main\gade7312\x64\debug\gade7312.pdb
c:\users\jared\onedrive\documents\github\gade7312poe\gade_main\gade7312\x64\debug\youtubeopengl.ilk
c:\users\jared\onedrive\documents\github\gade7312poe\gade_main\gade7312\x64\debug\youtubeopengl.pdb
c:\users\jared\onedrive\documents\github\gade7312poe\gade_main\gade7312\x64\debug\gade7312.tlog\cl.command.1.tlog
c:\users\jared\onedrive\documents\github\gade7312poe\gade_main\gade7312\x64\debug\gade7312.tlog\cl.read.1.tlog
c:\users\jared\onedrive\documents\github\gade7312poe\gade_main\gade7312\x64\debug\gade7312.tlog\cl.write.1.tlog
c:\users\jared\onedrive\documents\github\gade7312poe\gade_main\gade7312\x64\debug\gade7312.tlog\link.command.1.tlog
c:\users\jared\onedrive\documents\github\gade7312poe\gade_main\gade7312\x64\debug\gade7312.tlog\link.read.1.tlog
c:\users\jared\onedrive\documents\github\gade7312poe\gade_main\gade7312\x64\debug\gade7312.tlog\link.write.1.tlog
